#
# A fatal error has been detected by the Java Runtime Environment:
#
#  EXCEPTION_ACCESS_VIOLATION (0xc0000005) at pc=0x00007ff8ce596cfb, pid=2144, tid=5608
#
# JRE version: OpenJDK Runtime Environment Temurin-17.0.9+9 (17.0.9+9) (build 17.0.9+9)
# Java VM: OpenJDK 64-Bit Server VM Temurin-17.0.9+9 (17.0.9+9, mixed mode, emulated-client, tiered, compressed oops, compressed class ptrs, g1 gc, windows-amd64)
# Problematic frame:
# C  [ntdll.dll+0xa6cfb]
#
# No core dump will be written. Minidumps are not enabled by default on client versions of Windows
#
# If you would like to submit a bug report, please visit:
#   https://github.com/adoptium/adoptium-support/issues
#

---------------  S U M M A R Y ------------

Command Line: -XX:+ShowCodeDetailsInExceptionMessages -agentlib:jdwp=transport=dt_socket,suspend=y,address=localhost:58491 -Dcom.sun.management.jmxremote -Dcom.sun.management.jmxremote.port=58490 -Dcom.sun.management.jmxremote.authenticate=false -Dcom.sun.management.jmxremote.ssl=false -Djava.rmi.server.hostname=localhost -Dspring.jmx.enabled=true -Dmanagement.endpoints.jmx.exposure.include=* -Dspring.application.admin.enabled=true -XX:TieredStopAtLevel=1 -Dspring.boot.project.name=sns -javaagent:D:\kimjonghwi\6_spring_project\SNS\sts-4.21.0.RELEASE\configuration\org.eclipse.osgi\258\0\.cp\lib\javaagent-shaded.jar -Dfile.encoding=UTF-8 -Dstdout.encoding=UTF-8 -Dstderr.encoding=UTF-8 com.sns.SnsApplication --spring.output.ansi.enabled=always

Host: Intel(R) Core(TM) i7-8700 CPU @ 3.20GHz, 12 cores, 15G, 
[error occurred during error reporting (printing summary machine and OS info), id 0xc0000005, EXCEPTION_ACCESS_VIOLATION (0xc0000005) at pc=0x00007ff8ce596cfb]

Time: Thu Jan 11 18:03:06 2024  elapsed time: 2.833828 seconds (0d 0h 0m 2s)

---------------  T H R E A D  ---------------

Current thread (0x000002a23e336340):  JavaThread "JDWP Transport Listener: dt_socket" daemon [_thread_in_vm, id=5608, stack(0x000000f309200000,0x000000f309300000)]

Stack: [0x000000f309200000,0x000000f309300000],  sp=0x000000f3092ff4b0,  free space=1021k
Native frames: (J=compiled Java code, j=interpreted, Vv=VM code, C=native code)
C  [ntdll.dll+0xa6cfb]
C  [ntdll.dll+0x247b1]
C  [ucrtbase.dll+0xf05b]
V  [jvm.dll+0x66f068]
V  [jvm.dll+0x50e731]
V  [jvm.dll+0x4ce20d]
C  [jdwp.dll+0x25b24]


siginfo: EXCEPTION_ACCESS_VIOLATION (0xc0000005), reading address 0x000002a200000009


Registers:
RAX=0x000002a244b55480, RBX=0x000002a200000001, RCX=0x00000000000030d0, RDX=0x000002a244b58560
RSP=0x000000f3092ff4b0, RBP=0x0000000000000000, RSI=0x000002a229150000, RDI=0x0000000000000000
R8 =0x00000000647f3451, R9 =0x0000000000000000, R10=0x0000000000008000, R11=0x000000f3092ff540
R12=0x0000000000000000, R13=0x000002a244b58560, R14=0x000002a244b58550, R15=0x0000000000000001
RIP=0x00007ff8ce596cfb, EFLAGS=0x0000000000010202


Register to memory mapping:

RIP=0x00007ff8ce596cfb ntdll.dll
RAX=0x000002a244b55480 points into unknown readable memory: 0x000002a200000001 | 01 00 00 00 a2 02 00 00
RBX=0x000002a200000001 is an unknown value
RCX=0x00000000000030d0 is an unknown value
RDX=0x000002a244b58560 points into unknown readable memory: 0x622f74656e4c5b28 | 28 5b 4c 6e 65 74 2f 62
RSP=0x000000f3092ff4b0 is pointing into the stack for thread: 0x000002a23e336340
RBP=0x0 is NULL
RSI=0x000002a229150000 points into unknown readable memory: 0x0000000000000000 | 00 00 00 00 00 00 00 00
RDI=0x0 is NULL
R8 =0x00000000647f3451 is an unknown value
R9 =0x0 is NULL
R10=32768 is a compressed pointer to class: 0x0000000800008000
java.nio.file.attribute.BasicFileAttributes {0x0000000800008008}
 - instance size:     2
 - klass size:        63
 - access:            public interface abstract 
 - state:             linked
 - name:              'java/nio/file/attribute/BasicFileAttributes'
 - super:             'java/lang/Object'
 - sub:               
 - nof implementors:  1
 - implementor:    
   'sun/nio/fs/WindowsFileAttributes'
 - arrays:            NULL
 - methods:           Array<T>(0x000002a23f4e28e0)
 - method ordering:   Array<T>(0x000002a23f4e2df8)
 - default_methods:   Array<T>(0x0000000000000000)
 - local interfaces:  Array<T>(0x000002a23f000058)
 - trans. interfaces: Array<T>(0x000002a23f000058)
 - constants:         constant pool [20] {0x000002a23f4e27d8} for 'java/nio/file/attribute/BasicFileAttributes' cache=0x000002a23f4f43b8
 - class loader data:  loader data: 0x000002a23dbae7a0 of 'bootstrap'
 - source file:       'BasicFileAttributes.java'
 - class annotations:       Array<T>(0x0000000000000000)
 - class type annotations:  Array<T>(0x0000000000000000)
 - field annotations:       Array<T>(0x0000000000000000)
 - field type annotations:  Array<T>(0x0000000000000000)
 - inner classes:     Array<T>(0x000002a23f000028)
 - nest members:     Array<T>(0x000002a23f000028)
 - permitted subclasses:     Array<T>(0x000002a23f000028)
 - java mirror:       a 'java/lang/Class'{0x00000007055eeb08} = 'java/nio/file/attribute/BasicFileAttributes'
 - vtable length      5  (start addr: 0x00000008000081c8)
 - itable length      0 (start addr: 0x00000008000081f0)
 - ---- static fields (0 words):
 - ---- non-static fields (0 words):
 - non-static oop maps: 
R11=0x000000f3092ff540 is pointing into the stack for thread: 0x000002a23e336340
R12=0x0 is NULL
R13=0x000002a244b58560 points into unknown readable memory: 0x622f74656e4c5b28 | 28 5b 4c 6e 65 74 2f 62
R14=0x000002a244b58550 points into unknown readable memory: 0x000002a000000001 | 01 00 00 00 a0 02 00 00
R15=0x0000000000000001 is an unknown value


Top of Stack: (sp=0x000000f3092ff4b0)
0x000000f3092ff4b0:   0000000000000008 00007ff87e3a0000
0x000000f3092ff4c0:   0000000000000001 00007ff87e74f8c1
0x000000f3092ff4d0:   000002a23e317110 00007ff87e74f803
0x000000f3092ff4e0:   000002a200000001 000000000000007f
0x000000f3092ff4f0:   000002a241d53108 000002a244b552c0
0x000000f3092ff500:   0000000000000000 0000000000000000
0x000000f3092ff510:   000002a2290b0000 0000000000000000
0x000000f3092ff520:   000002a241d53108 00007ff87e3a0699
0x000000f3092ff530:   0000000000000000 0000000000000000
0x000000f3092ff540:   0000000000000000 0000000000000001
0x000000f3092ff550:   0000000000000000 0000000000000000
0x000000f3092ff560:   000002a244b58560 00007ff8ce5147b1
0x000000f3092ff570:   000002a23e143020 000002a229150000
0x000000f3092ff580:   000000f3092ff710 0000000000000000
0x000000f3092ff590:   0000000000000000 00007ff87e5ee579
0x000000f3092ff5a0:   000002a22b3d15a0 00007ff8cbecf05b
0x000000f3092ff5b0:   000002a244b58560 000002a244b58560
0x000000f3092ff5c0:   000000f3092ff6d8 00007ff8c27315f0
0x000000f3092ff5d0:   000002a23e336340 00007ff87e74f068
0x000000f3092ff5e0:   000002a23e336340 0000000000000000
0x000000f3092ff5f0:   000002a244b056c0 000002a22b3d15a0
0x000000f3092ff600:   000002a23e336340 00007ff87e5ee731
0x000000f3092ff610:   000002a23e336340 0000000000000000
0x000000f3092ff620:   0000fb0700000000 00007ff8c271afde
0x000000f3092ff630:   000000f3092ff708 00007ff87e5ae20d
0x000000f3092ff640:   000000f3092ff6f8 000000f3092ff690
0x000000f3092ff650:   0000000000000000 00007ff8c271afde
0x000000f3092ff660:   000002a244b056c0 00007ff8c2725b24
0x000000f3092ff670:   000002a244b58560 00007ff8c27315f0
0x000000f3092ff680:   0000000000000000 0000000000000001
0x000000f3092ff690:   0000000000000000 00007ff8c271a95e
0x000000f3092ff6a0:   000000f3092ff830 000000f3092ff710 

Instructions: (pc=0x00007ff8ce596cfb)
0x00007ff8ce596bfb:   46 08 89 44 24 50 85 46 7c 74 0a 33 86 88 00 00
0x00007ff8ce596c0b:   00 89 44 24 50 0f b7 44 24 50 eb 05 41 0f b7 46
0x00007ff8ce596c1b:   08 49 8b 4e f0 0f b7 c0 48 2b c8 0f b7 c2 48 03
0x00007ff8ce596c2b:   c8 eb 07 0f b7 ca 48 c1 e1 04 4a 8d 04 31 49 3b
0x00007ff8ce596c3b:   c5 73 27 32 db 48 89 7c 24 28 4d 8b cd 4d 8b c6
0x00007ff8ce596c4b:   48 89 7c 24 20 48 8b d6 b9 03 00 00 00 e8 6f 72
0x00007ff8ce596c5b:   06 00 84 db 0f 84 b2 fe ff ff f7 c5 02 01 00 3c
0x00007ff8ce596c6b:   0f 85 e6 ee f7 ff 41 80 7d ff 05 49 8d 4d f0 75
0x00007ff8ce596c7b:   11 0f b6 41 0e 48 c1 e0 04 48 2b c8 48 83 c1 10
0x00007ff8ce596c8b:   eb 03 48 8b cf 48 89 4c 24 20 41 b9 03 00 00 00
0x00007ff8ce596c9b:   41 8b 4d f8 4d 8b c5 48 8b d6 e8 ca c6 04 00 85
0x00007ff8ce596cab:   c0 0f 88 65 fe ff ff e9 a0 ee f7 ff 44 8b 05 92
0x00007ff8ce596cbb:   4a 0c 00 49 8b ce 48 c1 e9 04 41 bf 01 00 00 00
0x00007ff8ce596ccb:   41 33 4e 08 33 ce 41 33 c8 66 85 c9 0f 85 09 05
0x00007ff8ce596cdb:   00 00 48 c1 e9 0c 49 8b c6 48 2b c1 48 8b 18 48
0x00007ff8ce596ceb:   89 5c 24 30 48 85 db 0f 84 ee 04 00 00 0f 0d 0b
0x00007ff8ce596cfb:   4c 8b 4b 08 41 8b 46 0c c1 e8 08 0f b7 d0 48 8b
0x00007ff8ce596d0b:   03 4c 89 4c 24 48 89 54 24 38 48 8b 08 41 8b 41
0x00007ff8ce596d1b:   18 41 33 c0 4c 8b 51 18 41 33 c2 4c 89 54 24 60
0x00007ff8ce596d2b:   41 33 c1 8b c8 c1 e8 10 0f af c2 0f b7 c9 49 03
0x00007ff8ce596d3b:   c1 48 03 c8 49 3b ce 74 09 49 8b 52 18 e9 9c 04
0x00007ff8ce596d4b:   00 00 e8 fe da f7 ff 85 c0 74 19 65 48 8b 04 25
0x00007ff8ce596d5b:   60 00 00 00 48 8b 88 90 00 00 00 48 81 c1 26 02
0x00007ff8ce596d6b:   00 00 eb 05 b9 80 03 fe 7f 40 38 39 74 2a 65 48
0x00007ff8ce596d7b:   8b 04 25 60 00 00 00 44 84 b8 78 03 00 00 74 18
0x00007ff8ce596d8b:   48 8b 4c 24 60 49 8d 56 10 41 b8 02 00 00 00 48
0x00007ff8ce596d9b:   8b 49 18 e8 35 32 06 00 66 44 39 3c 25 6a 03 fe
0x00007ff8ce596dab:   7f 44 8b cf b8 64 00 00 00 44 8b c7 44 0f 47 c8
0x00007ff8ce596dbb:   41 ba 00 80 00 00 eb 05 48 8b 5c 24 30 8b 5b 20
0x00007ff8ce596dcb:   8b c3 48 8b 54 24 30 c1 e8 10 66 41 85 c2 75 11
0x00007ff8ce596ddb:   8b cb 8b c3 81 c9 00 00 00 80 f0 0f b1 4a 20 74
0x00007ff8ce596deb:   0d 41 ff c0 45 3b c1 76 cf bb ff ff ff ff 41 c6 


Stack slot to memory mapping:
stack at sp + 0 slots: 0x0000000000000008 is an unknown value
stack at sp + 1 slots: 0x00007ff87e3a0000 jvm.dll
stack at sp + 2 slots: 0x0000000000000001 is an unknown value
stack at sp + 3 slots: 0x00007ff87e74f8c1 jvm.dll
stack at sp + 4 slots: 0x000002a23e317110 points into unknown readable memory: 0x0000000000000002 | 02 00 00 00 00 00 00 00
stack at sp + 5 slots: 0x00007ff87e74f803 jvm.dll
stack at sp + 6 slots: 0x000002a200000001 is an unknown value
stack at sp + 7 slots: 0x000000000000007f is an unknown value


---------------  P R O C E S S  ---------------

Threads class SMR info:
_java_thread_list=0x000002a244a538e0, length=32, elements={
0x000002a22b3e6650, 0x000002a23e0c2620, 0x000002a23e06c170, 0x000002a23e08a540,
0x000002a23e08ce20, 0x000002a23e08de90, 0x000002a23e08e760, 0x000002a23e106640,
0x000002a23e10b170, 0x000002a23e1e2ec0, 0x000002a23e29a280, 0x000002a23e298540,
0x000002a23e336340, 0x000002a23e3385e0, 0x000002a23e33aaf0, 0x000002a23ec2e850,
0x000002a23edb2f00, 0x000002a23edc7c90, 0x000002a23ee13bb0, 0x000002a24328a1f0,
0x000002a243334270, 0x000002a243599130, 0x000002a2435b24f0, 0x000002a2435b2a00,
0x000002a2435af760, 0x000002a2437f0470, 0x000002a2435b0690, 0x000002a2435b10b0,
0x000002a2435afc70, 0x000002a2435b1ad0, 0x000002a2435b0ba0, 0x000002a2435b1fe0
}

Java Threads: ( => current thread )
  0x000002a22b3e6650 JavaThread "main" [_thread_blocked, id=9336, stack(0x000000f308000000,0x000000f308100000)]
  0x000002a23e0c2620 JavaThread "Reference Handler" daemon [_thread_blocked, id=12992, stack(0x000000f308700000,0x000000f308800000)]
  0x000002a23e06c170 JavaThread "Finalizer" daemon [_thread_blocked, id=7196, stack(0x000000f308800000,0x000000f308900000)]
  0x000002a23e08a540 JavaThread "Signal Dispatcher" daemon [_thread_blocked, id=5392, stack(0x000000f308900000,0x000000f308a00000)]
  0x000002a23e08ce20 JavaThread "Attach Listener" daemon [_thread_blocked, id=13392, stack(0x000000f308a00000,0x000000f308b00000)]
  0x000002a23e08de90 JavaThread "Service Thread" daemon [_thread_blocked, id=9656, stack(0x000000f308b00000,0x000000f308c00000)]
  0x000002a23e08e760 JavaThread "Monitor Deflation Thread" daemon [_thread_blocked, id=4516, stack(0x000000f308c00000,0x000000f308d00000)]
  0x000002a23e106640 JavaThread "C1 CompilerThread0" daemon [_thread_blocked, id=11712, stack(0x000000f308d00000,0x000000f308e00000)]
  0x000002a23e10b170 JavaThread "Sweeper thread" daemon [_thread_blocked, id=11500, stack(0x000000f308e00000,0x000000f308f00000)]
  0x000002a23e1e2ec0 JavaThread "Common-Cleaner" daemon [_thread_blocked, id=3956, stack(0x000000f308f00000,0x000000f309000000)]
  0x000002a23e29a280 JavaThread "C1 CompilerThread1" daemon [_thread_blocked, id=9488, stack(0x000000f309000000,0x000000f309100000)]
  0x000002a23e298540 JavaThread "C1 CompilerThread2" daemon [_thread_blocked, id=12948, stack(0x000000f309100000,0x000000f309200000)]
=>0x000002a23e336340 JavaThread "JDWP Transport Listener: dt_socket" daemon [_thread_in_vm, id=5608, stack(0x000000f309200000,0x000000f309300000)]
  0x000002a23e3385e0 JavaThread "JDWP Event Helper Thread" daemon [_thread_blocked, id=12700, stack(0x000000f309300000,0x000000f309400000)]
  0x000002a23e33aaf0 JavaThread "JDWP Command Reader" daemon [_thread_in_native, id=6812, stack(0x000000f309400000,0x000000f309500000)]
  0x000002a23ec2e850 JavaThread "Notification Thread" daemon [_thread_blocked, id=2080, stack(0x000000f309500000,0x000000f309600000)]
  0x000002a23edb2f00 JavaThread "RMI TCP Accept-0" daemon [_thread_in_native, id=6908, stack(0x000000f309600000,0x000000f309700000)]
  0x000002a23edc7c90 JavaThread "RMI TCP Accept-58490" daemon [_thread_in_native, id=4696, stack(0x000000f309700000,0x000000f309800000)]
  0x000002a23ee13bb0 JavaThread "RMI TCP Accept-0" daemon [_thread_in_native, id=13048, stack(0x000000f309800000,0x000000f309900000)]
  0x000002a24328a1f0 JavaThread "Thread-0" [_thread_blocked, id=7952, stack(0x000000f30a400000,0x000000f30a500000)]
  0x000002a243334270 JavaThread "restartedMain" [_thread_blocked, id=900, stack(0x000000f30a500000,0x000000f30a600000)]
  0x000002a243599130 JavaThread "RMI TCP Connection(1)-127.0.0.1" daemon [_thread_in_native, id=3504, stack(0x000000f30a900000,0x000000f30aa00000)]
  0x000002a2435b24f0 JavaThread "RMI Scheduler(0)" daemon [_thread_blocked, id=1776, stack(0x000000f30aa00000,0x000000f30ab00000)]
  0x000002a2435b2a00 JavaThread "RMI TCP Connection(2)-127.0.0.1" daemon [_thread_in_native, id=3692, stack(0x000000f30ab00000,0x000000f30ac00000)]
  0x000002a2435af760 JavaThread "JMX server connection timeout 30" daemon [_thread_blocked, id=2932, stack(0x000000f30ac00000,0x000000f30ad00000)]
  0x000002a2437f0470 JavaThread "C1 CompilerThread3" daemon [_thread_blocked, id=4568, stack(0x000000f30ad00000,0x000000f30ae00000)]
  0x000002a2435b0690 JavaThread "Catalina-utility-1" [_thread_blocked, id=7324, stack(0x000000f30a800000,0x000000f30a900000)]
  0x000002a2435b10b0 JavaThread "Catalina-utility-2" [_thread_blocked, id=4792, stack(0x000000f30ae00000,0x000000f30af00000)]
  0x000002a2435afc70 JavaThread "container-0" [_thread_blocked, id=9628, stack(0x000000f30af00000,0x000000f30b000000)]
  0x000002a2435b1ad0 JavaThread "mysql-cj-abandoned-connection-cleanup" daemon [_thread_blocked, id=5396, stack(0x000000f30b000000,0x000000f30b100000)]
  0x000002a2435b0ba0 JavaThread "HikariPool-1 housekeeper" daemon [_thread_blocked, id=13112, stack(0x000000f30b200000,0x000000f30b300000)]
  0x000002a2435b1fe0 JavaThread "HikariPool-1 connection adder" daemon [_thread_in_native, id=9404, stack(0x000000f30b300000,0x000000f30b400000)]

Other Threads:
  0x000002a23e0a9410 VMThread "VM Thread" [stack: 0x000000f308600000,0x000000f308700000] [id=13632]
  0x000002a22b3e7270 WatcherThread [stack: 0x000000f309900000,0x000000f309a00000] [id=3704]
  0x000002a22b44eca0 GCTaskThread "GC Thread#0" [stack: 0x000000f308100000,0x000000f308200000] [id=4540]
  0x000002a23eec66a0 GCTaskThread "GC Thread#1" [stack: 0x000000f309a00000,0x000000f309b00000] [id=2196]
  0x000002a23eec6960 GCTaskThread "GC Thread#2" [stack: 0x000000f309b00000,0x000000f309c00000] [id=13556]
  0x000002a23eec6c20 GCTaskThread "GC Thread#3" [stack: 0x000000f309c00000,0x000000f309d00000] [id=1540]
  0x000002a23ee2e5b0 GCTaskThread "GC Thread#4" [stack: 0x000000f309d00000,0x000000f309e00000] [id=7076]
  0x000002a23ee2ec80 GCTaskThread "GC Thread#5" [stack: 0x000000f309e00000,0x000000f309f00000] [id=13168]
  0x000002a23ee51d40 GCTaskThread "GC Thread#6" [stack: 0x000000f309f00000,0x000000f30a000000] [id=10092]
  0x000002a23ee52000 GCTaskThread "GC Thread#7" [stack: 0x000000f30a000000,0x000000f30a100000] [id=10784]
  0x000002a23ee522c0 GCTaskThread "GC Thread#8" [stack: 0x000000f30a100000,0x000000f30a200000] [id=11412]
  0x000002a23ee52580 GCTaskThread "GC Thread#9" [stack: 0x000000f30a200000,0x000000f30a300000] [id=9704]
  0x000002a22b45f470 ConcurrentGCThread "G1 Main Marker" [stack: 0x000000f308200000,0x000000f308300000] [id=1512]
  0x000002a22b4603e0 ConcurrentGCThread "G1 Conc#0" [stack: 0x000000f308300000,0x000000f308400000] [id=3108]
  0x000002a2434dadb0 ConcurrentGCThread "G1 Conc#1" [stack: 0x000000f30a600000,0x000000f30a700000] [id=1248]
  0x000002a2434dbb70 ConcurrentGCThread "G1 Conc#2" [stack: 0x000000f30a700000,0x000000f30a800000] [id=11844]
  0x000002a23dba0680 ConcurrentGCThread "G1 Refine#0" [stack: 0x000000f308400000,0x000000f308500000] [id=10376]
  0x000002a23ee38af0 ConcurrentGCThread "G1 Refine#1" [stack: 0x000000f30a300000,0x000000f30a400000] [id=4580]
  0x000002a23dba0d60 ConcurrentGCThread "G1 Service" [stack: 0x000000f308500000,0x000000f308600000] [id=9400]

Threads with active compile tasks:

VM state: not at safepoint (normal execution)

VM Mutex/Monitor currently owned by a thread: None

Heap address: 0x0000000705200000, size: 4014 MB, Compressed Oops mode: Zero based, Oop shift amount: 3

CDS archive(s) not mapped
Compressed class space mapped at: 0x0000000800000000-0x0000000840000000, reserved size: 1073741824
Narrow klass base: 0x0000000800000000, Narrow klass shift: 0, Narrow klass range: 0x40000000

GC Precious Log:
 CPUs: 12 total, 12 available
 Memory: 16053M
 Large Page Support: Disabled
 NUMA Support: Disabled
 Compressed Oops: Enabled (Zero based)
 Heap Region Size: 2M
 Heap Min Capacity: 8M
 Heap Initial Capacity: 252M
 Heap Max Capacity: 4014M
 Pre-touch: Disabled
 Parallel Workers: 10
 Concurrent Workers: 3
 Concurrent Refinement Workers: 10
 Periodic GC: Disabled

Heap:
 garbage-first heap   total 131072K, used 42428K [0x0000000705200000, 0x0000000800000000)
  region size 2048K, 13 young (26624K), 2 survivors (4096K)
 Metaspace       used 53027K, committed 53504K, reserved 1114112K
  class space    used 6688K, committed 6912K, reserved 1048576K

Heap Regions: E=young(eden), S=young(survivor), O=old, HS=humongous(starts), HC=humongous(continues), CS=collection set, F=free, OA=open archive, CA=closed archive, TAMS=top-at-mark-start (previous, next)
|   0|0x0000000705200000, 0x0000000705400000, 0x0000000705400000|100%| O|  |TAMS 0x0000000705400000, 0x0000000705200000| Untracked 
|   1|0x0000000705400000, 0x0000000705600000, 0x0000000705600000|100%| O|  |TAMS 0x0000000705600000, 0x0000000705400000| Untracked 
|   2|0x0000000705600000, 0x0000000705800000, 0x0000000705800000|100%| O|  |TAMS 0x0000000705800000, 0x0000000705600000| Untracked 
|   3|0x0000000705800000, 0x0000000705a00000, 0x0000000705a00000|100%| O|  |TAMS 0x0000000705800000, 0x0000000705800000| Untracked 
|   4|0x0000000705a00000, 0x0000000705c00000, 0x0000000705c00000|100%| O|  |TAMS 0x0000000705c00000, 0x0000000705a00000| Untracked 
|   5|0x0000000705c00000, 0x0000000705c00000, 0x0000000705e00000|  0%| F|  |TAMS 0x0000000705c00000, 0x0000000705c00000| Untracked 
|   6|0x0000000705e00000, 0x0000000705e00000, 0x0000000706000000|  0%| F|  |TAMS 0x0000000705e00000, 0x0000000705e00000| Untracked 
|   7|0x0000000706000000, 0x0000000706000000, 0x0000000706200000|  0%| F|  |TAMS 0x0000000706000000, 0x0000000706000000| Untracked 
|   8|0x0000000706200000, 0x0000000706200000, 0x0000000706400000|  0%| F|  |TAMS 0x0000000706200000, 0x0000000706200000| Untracked 
|   9|0x0000000706400000, 0x0000000706400000, 0x0000000706600000|  0%| F|  |TAMS 0x0000000706400000, 0x0000000706400000| Untracked 
|  10|0x0000000706600000, 0x0000000706800000, 0x0000000706800000|100%| O|  |TAMS 0x0000000706600000, 0x0000000706600000| Untracked 
|  11|0x0000000706800000, 0x0000000706a00000, 0x0000000706a00000|100%| O|  |TAMS 0x0000000706800000, 0x0000000706800000| Untracked 
|  12|0x0000000706a00000, 0x0000000706c00000, 0x0000000706c00000|100%| O|  |TAMS 0x0000000706a00000, 0x0000000706a00000| Untracked 
|  13|0x0000000706c00000, 0x0000000706dbe800, 0x0000000706e00000| 87%| O|  |TAMS 0x0000000706c00000, 0x0000000706c00000| Untracked 
|  14|0x0000000706e00000, 0x0000000706e00000, 0x0000000707000000|  0%| F|  |TAMS 0x0000000706e00000, 0x0000000706e00000| Untracked 
|  15|0x0000000707000000, 0x0000000707000000, 0x0000000707200000|  0%| F|  |TAMS 0x0000000707000000, 0x0000000707000000| Untracked 
|  16|0x0000000707200000, 0x0000000707200000, 0x0000000707400000|  0%| F|  |TAMS 0x0000000707200000, 0x0000000707200000| Untracked 
|  17|0x0000000707400000, 0x0000000707400000, 0x0000000707600000|  0%| F|  |TAMS 0x0000000707400000, 0x0000000707400000| Untracked 
|  18|0x0000000707600000, 0x0000000707600000, 0x0000000707800000|  0%| F|  |TAMS 0x0000000707600000, 0x0000000707600000| Untracked 
|  19|0x0000000707800000, 0x0000000707800000, 0x0000000707a00000|  0%| F|  |TAMS 0x0000000707800000, 0x0000000707800000| Untracked 
|  20|0x0000000707a00000, 0x0000000707a00000, 0x0000000707c00000|  0%| F|  |TAMS 0x0000000707a00000, 0x0000000707a00000| Untracked 
|  21|0x0000000707c00000, 0x0000000707c00000, 0x0000000707e00000|  0%| F|  |TAMS 0x0000000707c00000, 0x0000000707c00000| Untracked 
|  22|0x0000000707e00000, 0x0000000707e00000, 0x0000000708000000|  0%| F|  |TAMS 0x0000000707e00000, 0x0000000707e00000| Untracked 
|  23|0x0000000708000000, 0x0000000708000000, 0x0000000708200000|  0%| F|  |TAMS 0x0000000708000000, 0x0000000708000000| Untracked 
|  24|0x0000000708200000, 0x0000000708200000, 0x0000000708400000|  0%| F|  |TAMS 0x0000000708200000, 0x0000000708200000| Untracked 
|  25|0x0000000708400000, 0x00000007085b0870, 0x0000000708600000| 84%| S|CS|TAMS 0x0000000708400000, 0x0000000708400000| Complete 
|  26|0x0000000708600000, 0x0000000708800000, 0x0000000708800000|100%| S|CS|TAMS 0x0000000708600000, 0x0000000708600000| Complete 
|  27|0x0000000708800000, 0x0000000708800000, 0x0000000708a00000|  0%| F|  |TAMS 0x0000000708800000, 0x0000000708800000| Untracked 
|  28|0x0000000708a00000, 0x0000000708a00000, 0x0000000708c00000|  0%| F|  |TAMS 0x0000000708a00000, 0x0000000708a00000| Untracked 
|  29|0x0000000708c00000, 0x0000000708c00000, 0x0000000708e00000|  0%| F|  |TAMS 0x0000000708c00000, 0x0000000708c00000| Untracked 
|  30|0x0000000708e00000, 0x0000000708e00000, 0x0000000709000000|  0%| F|  |TAMS 0x0000000708e00000, 0x0000000708e00000| Untracked 
|  31|0x0000000709000000, 0x0000000709000000, 0x0000000709200000|  0%| F|  |TAMS 0x0000000709000000, 0x0000000709000000| Untracked 
|  32|0x0000000709200000, 0x0000000709200000, 0x0000000709400000|  0%| F|  |TAMS 0x0000000709200000, 0x0000000709200000| Untracked 
|  33|0x0000000709400000, 0x0000000709400000, 0x0000000709600000|  0%| F|  |TAMS 0x0000000709400000, 0x0000000709400000| Untracked 
|  34|0x0000000709600000, 0x0000000709600000, 0x0000000709800000|  0%| F|  |TAMS 0x0000000709600000, 0x0000000709600000| Untracked 
|  35|0x0000000709800000, 0x0000000709800000, 0x0000000709a00000|  0%| F|  |TAMS 0x0000000709800000, 0x0000000709800000| Untracked 
|  36|0x0000000709a00000, 0x0000000709a00000, 0x0000000709c00000|  0%| F|  |TAMS 0x0000000709a00000, 0x0000000709a00000| Untracked 
|  37|0x0000000709c00000, 0x0000000709c00000, 0x0000000709e00000|  0%| F|  |TAMS 0x0000000709c00000, 0x0000000709c00000| Untracked 
|  38|0x0000000709e00000, 0x0000000709e00000, 0x000000070a000000|  0%| F|  |TAMS 0x0000000709e00000, 0x0000000709e00000| Untracked 
|  39|0x000000070a000000, 0x000000070a000000, 0x000000070a200000|  0%| F|  |TAMS 0x000000070a000000, 0x000000070a000000| Untracked 
|  40|0x000000070a200000, 0x000000070a200000, 0x000000070a400000|  0%| F|  |TAMS 0x000000070a200000, 0x000000070a200000| Untracked 
|  41|0x000000070a400000, 0x000000070a400000, 0x000000070a600000|  0%| F|  |TAMS 0x000000070a400000, 0x000000070a400000| Untracked 
|  42|0x000000070a600000, 0x000000070a600000, 0x000000070a800000|  0%| F|  |TAMS 0x000000070a600000, 0x000000070a600000| Untracked 
|  43|0x000000070a800000, 0x000000070a800000, 0x000000070aa00000|  0%| F|  |TAMS 0x000000070a800000, 0x000000070a800000| Untracked 
|  44|0x000000070aa00000, 0x000000070aa00000, 0x000000070ac00000|  0%| F|  |TAMS 0x000000070aa00000, 0x000000070aa00000| Untracked 
|  45|0x000000070ac00000, 0x000000070ac00000, 0x000000070ae00000|  0%| F|  |TAMS 0x000000070ac00000, 0x000000070ac00000| Untracked 
|  46|0x000000070ae00000, 0x000000070ae00000, 0x000000070b000000|  0%| F|  |TAMS 0x000000070ae00000, 0x000000070ae00000| Untracked 
|  47|0x000000070b000000, 0x000000070b000000, 0x000000070b200000|  0%| F|  |TAMS 0x000000070b000000, 0x000000070b000000| Untracked 
|  48|0x000000070b200000, 0x000000070b200000, 0x000000070b400000|  0%| F|  |TAMS 0x000000070b200000, 0x000000070b200000| Untracked 
|  49|0x000000070b400000, 0x000000070b400000, 0x000000070b600000|  0%| F|  |TAMS 0x000000070b400000, 0x000000070b400000| Untracked 
|  50|0x000000070b600000, 0x000000070b600000, 0x000000070b800000|  0%| F|  |TAMS 0x000000070b600000, 0x000000070b600000| Untracked 
|  51|0x000000070b800000, 0x000000070b800000, 0x000000070ba00000|  0%| F|  |TAMS 0x000000070b800000, 0x000000070b800000| Untracked 
|  52|0x000000070ba00000, 0x000000070ba00000, 0x000000070bc00000|  0%| F|  |TAMS 0x000000070ba00000, 0x000000070ba00000| Untracked 
|  53|0x000000070bc00000, 0x000000070bdc4248, 0x000000070be00000| 88%| E|  |TAMS 0x000000070bc00000, 0x000000070bc00000| Complete 
|  54|0x000000070be00000, 0x000000070c000000, 0x000000070c000000|100%| E|CS|TAMS 0x000000070be00000, 0x000000070be00000| Complete 
|  55|0x000000070c000000, 0x000000070c200000, 0x000000070c200000|100%| E|CS|TAMS 0x000000070c000000, 0x000000070c000000| Complete 
|  56|0x000000070c200000, 0x000000070c400000, 0x000000070c400000|100%| E|CS|TAMS 0x000000070c200000, 0x000000070c200000| Complete 
|  57|0x000000070c400000, 0x000000070c600000, 0x000000070c600000|100%| E|CS|TAMS 0x000000070c400000, 0x000000070c400000| Complete 
|  58|0x000000070c600000, 0x000000070c800000, 0x000000070c800000|100%| E|CS|TAMS 0x000000070c600000, 0x000000070c600000| Complete 
|  59|0x000000070c800000, 0x000000070ca00000, 0x000000070ca00000|100%| E|CS|TAMS 0x000000070c800000, 0x000000070c800000| Complete 
|  60|0x000000070ca00000, 0x000000070cc00000, 0x000000070cc00000|100%| E|CS|TAMS 0x000000070ca00000, 0x000000070ca00000| Complete 
|  61|0x000000070cc00000, 0x000000070ce00000, 0x000000070ce00000|100%| E|CS|TAMS 0x000000070cc00000, 0x000000070cc00000| Complete 
|  62|0x000000070ce00000, 0x000000070d000000, 0x000000070d000000|100%| E|CS|TAMS 0x000000070ce00000, 0x000000070ce00000| Complete 
| 125|0x0000000714c00000, 0x0000000714e00000, 0x0000000714e00000|100%| E|CS|TAMS 0x0000000714c00000, 0x0000000714c00000| Complete 

Card table byte_map: [0x000002a2325a0000,0x000002a232d80000] _byte_map_base: 0x000002a22ed77000

Marking Bits (Prev, Next): (CMBitMap*) 0x000002a22b44f070, (CMBitMap*) 0x000002a22b44f0b0
 Prev Bits: [0x000002a233560000, 0x000002a237418000)
 Next Bits: [0x000002a237420000, 0x000002a23b2d8000)

Polling page: 0x000002a229340000

Metaspace:

Usage:
  Non-class:     45.25 MB used.
      Class:      6.53 MB used.
       Both:     51.78 MB used.

Virtual space:
  Non-class space:       64.00 MB reserved,      45.50 MB ( 71%) committed,  1 nodes.
      Class space:        1.00 GB reserved,       6.75 MB ( <1%) committed,  1 nodes.
             Both:        1.06 GB reserved,      52.25 MB (  5%) committed. 

Chunk freelists:
   Non-Class:  2.34 MB
       Class:  9.26 MB
        Both:  11.61 MB

MaxMetaspaceSize: unlimited
CompressedClassSpaceSize: 1.00 GB
Initial GC threshold: 21.00 MB
Current GC threshold: 59.06 MB
CDS: off
MetaspaceReclaimPolicy: balanced
 - commit_granule_bytes: 65536.
 - commit_granule_words: 8192.
 - virtual_space_node_default_size: 8388608.
 - enlarge_chunks_in_place: 1.
 - new_chunks_are_fully_committed: 0.
 - uncommit_free_chunks: 1.
 - use_allocation_guard: 0.
 - handle_deallocations: 1.


Internal statistics:

num_allocs_failed_limit: 6.
num_arena_births: 672.
num_arena_deaths: 0.
num_vsnodes_births: 2.
num_vsnodes_deaths: 0.
num_space_committed: 836.
num_space_uncommitted: 0.
num_chunks_returned_to_freelist: 6.
num_chunks_taken_from_freelist: 2136.
num_chunk_merges: 3.
num_chunk_splits: 1460.
num_chunks_enlarged: 1075.
num_inconsistent_stats: 0.

CodeCache: size=49152Kb used=11563Kb max_used=11563Kb free=37588Kb
 bounds [0x000002a22ea90000, 0x000002a22f5e0000, 0x000002a231a90000]
 total_blobs=5474 nmethods=4878 adapters=520
 compilation: enabled
              stopped_count=0, restarted_count=0
 full_count=0

Compilation events (20 events):
Event: 2.804 Thread 0x000002a23e298540 nmethod 4816 0x000002a22f5bfd10 code [0x000002a22f5bfea0, 0x000002a22f5c0068]
Event: 2.804 Thread 0x000002a23e106640 nmethod 4817 0x000002a22f5c0110 code [0x000002a22f5c02a0, 0x000002a22f5c0378]
Event: 2.804 Thread 0x000002a23e29a280 4818       1       com.sun.crypto.provider.GCTR::doFinal (106 bytes)
Event: 2.805 Thread 0x000002a23e29a280 nmethod 4818 0x000002a22f5c0410 code [0x000002a22f5c05e0, 0x000002a22f5c0a18]
Event: 2.805 Thread 0x000002a23e298540 4819       1       javax.crypto.Cipher::checkCipherState (53 bytes)
Event: 2.805 Thread 0x000002a2437f0470 4820       1       com.sun.crypto.provider.GaloisCounterMode::expandToOneBlock (67 bytes)
Event: 2.805 Thread 0x000002a23e29a280 4821       1       com.sun.crypto.provider.GCTR::<init> (69 bytes)
Event: 2.805 Thread 0x000002a23e106640 4822       1       com.sun.crypto.provider.CounterMode::<init> (41 bytes)
Event: 2.805 Thread 0x000002a23e298540 nmethod 4819 0x000002a22f5c0c90 code [0x000002a22f5c0e60, 0x000002a22f5c10d8]
Event: 2.805 Thread 0x000002a23e298540 4823       1       com.sun.crypto.provider.CounterMode::reset (26 bytes)
Event: 2.805 Thread 0x000002a23e106640 nmethod 4822 0x000002a22f5c1210 code [0x000002a22f5c13c0, 0x000002a22f5c17a8]
Event: 2.805 Thread 0x000002a23e298540 nmethod 4823 0x000002a22f5c1890 code [0x000002a22f5c1a20, 0x000002a22f5c1ba8]
Event: 2.805 Thread 0x000002a23e29a280 nmethod 4821 0x000002a22f5c1c10 code [0x000002a22f5c1e40, 0x000002a22f5c2428]
Event: 2.805 Thread 0x000002a2437f0470 nmethod 4820 0x000002a22f5c2710 code [0x000002a22f5c2920, 0x000002a22f5c2ed8]
Event: 2.811 Thread 0x000002a2437f0470 4824       1       java.util.Arrays$ArrayList::get (7 bytes)
Event: 2.811 Thread 0x000002a2437f0470 nmethod 4824 0x000002a22f5c3190 code [0x000002a22f5c3320, 0x000002a22f5c3418]
Event: 2.812 Thread 0x000002a2437f0470 4825       1       net.bytebuddy.matcher.ElementMatcher$Junction$AbstractBase::<init> (5 bytes)
Event: 2.812 Thread 0x000002a2437f0470 nmethod 4825 0x000002a22f5c3510 code [0x000002a22f5c36a0, 0x000002a22f5c3758]
Event: 2.816 Thread 0x000002a2437f0470 4826       1       java.util.AbstractList$Itr::hasNext (20 bytes)
Event: 2.816 Thread 0x000002a2437f0470 nmethod 4826 0x000002a22f5c3810 code [0x000002a22f5c39a0, 0x000002a22f5c3aa8]

GC Heap History (20 events):
Event: 0.979 GC heap before
{Heap before GC invocations=2 (full 0):
 garbage-first heap   total 258048K, used 47961K [0x0000000705200000, 0x0000000800000000)
  region size 2048K, 21 young (43008K), 1 survivors (2048K)
 Metaspace       used 21188K, committed 21504K, reserved 1114112K
  class space    used 2370K, committed 2560K, reserved 1048576K
}
Event: 0.981 GC heap after
{Heap after GC invocations=3 (full 0):
 garbage-first heap   total 258048K, used 9849K [0x0000000705200000, 0x0000000800000000)
  region size 2048K, 2 young (4096K), 2 survivors (4096K)
 Metaspace       used 21188K, committed 21504K, reserved 1114112K
  class space    used 2370K, committed 2560K, reserved 1048576K
}
Event: 1.059 GC heap before
{Heap before GC invocations=4 (full 0):
 garbage-first heap   total 49152K, used 34425K [0x0000000705200000, 0x0000000800000000)
  region size 2048K, 15 young (30720K), 2 survivors (4096K)
 Metaspace       used 23724K, committed 24064K, reserved 1114112K
  class space    used 2719K, committed 2880K, reserved 1048576K
}
Event: 1.061 GC heap after
{Heap after GC invocations=5 (full 0):
 garbage-first heap   total 49152K, used 10703K [0x0000000705200000, 0x0000000800000000)
  region size 2048K, 2 young (4096K), 2 survivors (4096K)
 Metaspace       used 23724K, committed 24064K, reserved 1114112K
  class space    used 2719K, committed 2880K, reserved 1048576K
}
Event: 1.064 GC heap before
{Heap before GC invocations=5 (full 0):
 garbage-first heap   total 49152K, used 10703K [0x0000000705200000, 0x0000000800000000)
  region size 2048K, 3 young (6144K), 2 survivors (4096K)
 Metaspace       used 23908K, committed 24192K, reserved 1114112K
  class space    used 2742K, committed 2880K, reserved 1048576K
}
Event: 1.066 GC heap after
{Heap after GC invocations=6 (full 0):
 garbage-first heap   total 49152K, used 10756K [0x0000000705200000, 0x0000000800000000)
  region size 2048K, 1 young (2048K), 1 survivors (2048K)
 Metaspace       used 23908K, committed 24192K, reserved 1114112K
  class space    used 2742K, committed 2880K, reserved 1048576K
}
Event: 1.113 GC heap before
{Heap before GC invocations=6 (full 0):
 garbage-first heap   total 49152K, used 29188K [0x0000000705200000, 0x0000000800000000)
  region size 2048K, 10 young (20480K), 1 survivors (2048K)
 Metaspace       used 25817K, committed 26176K, reserved 1114112K
  class space    used 2964K, committed 3136K, reserved 1048576K
}
Event: 1.114 GC heap after
{Heap after GC invocations=7 (full 0):
 garbage-first heap   total 153600K, used 11334K [0x0000000705200000, 0x0000000800000000)
  region size 2048K, 1 young (2048K), 1 survivors (2048K)
 Metaspace       used 25817K, committed 26176K, reserved 1114112K
  class space    used 2964K, committed 3136K, reserved 1048576K
}
Event: 1.520 GC heap before
{Heap before GC invocations=7 (full 0):
 garbage-first heap   total 153600K, used 99398K [0x0000000705200000, 0x0000000800000000)
  region size 2048K, 45 young (92160K), 1 survivors (2048K)
 Metaspace       used 32131K, committed 32512K, reserved 1114112K
  class space    used 3831K, committed 4032K, reserved 1048576K
}
Event: 1.523 GC heap after
{Heap after GC invocations=8 (full 0):
 garbage-first heap   total 153600K, used 14364K [0x0000000705200000, 0x0000000800000000)
  region size 2048K, 3 young (6144K), 3 survivors (6144K)
 Metaspace       used 32131K, committed 32512K, reserved 1114112K
  class space    used 3831K, committed 4032K, reserved 1048576K
}
Event: 1.833 GC heap before
{Heap before GC invocations=8 (full 0):
 garbage-first heap   total 153600K, used 63516K [0x0000000705200000, 0x0000000800000000)
  region size 2048K, 28 young (57344K), 3 survivors (6144K)
 Metaspace       used 35736K, committed 36096K, reserved 1114112K
  class space    used 4385K, committed 4544K, reserved 1048576K
}
Event: 1.836 GC heap after
{Heap after GC invocations=9 (full 0):
 garbage-first heap   total 153600K, used 16387K [0x0000000705200000, 0x0000000800000000)
  region size 2048K, 4 young (8192K), 4 survivors (8192K)
 Metaspace       used 35736K, committed 36096K, reserved 1114112K
  class space    used 4385K, committed 4544K, reserved 1048576K
}
Event: 2.073 GC heap before
{Heap before GC invocations=10 (full 0):
 garbage-first heap   total 69632K, used 53251K [0x0000000705200000, 0x0000000800000000)
  region size 2048K, 24 young (49152K), 4 survivors (8192K)
 Metaspace       used 38809K, committed 39232K, reserved 1114112K
  class space    used 4813K, committed 5056K, reserved 1048576K
}
Event: 2.077 GC heap after
{Heap after GC invocations=11 (full 0):
 garbage-first heap   total 71680K, used 18676K [0x0000000705200000, 0x0000000800000000)
  region size 2048K, 5 young (10240K), 5 survivors (10240K)
 Metaspace       used 38809K, committed 39232K, reserved 1114112K
  class space    used 4813K, committed 5056K, reserved 1048576K
}
Event: 2.091 GC heap before
{Heap before GC invocations=11 (full 0):
 garbage-first heap   total 71680K, used 20724K [0x0000000705200000, 0x0000000800000000)
  region size 2048K, 6 young (12288K), 5 survivors (10240K)
 Metaspace       used 39010K, committed 39424K, reserved 1114112K
  class space    used 4836K, committed 5056K, reserved 1048576K
}
Event: 2.095 GC heap after
{Heap after GC invocations=12 (full 0):
 garbage-first heap   total 71680K, used 19649K [0x0000000705200000, 0x0000000800000000)
  region size 2048K, 1 young (2048K), 1 survivors (2048K)
 Metaspace       used 39010K, committed 39424K, reserved 1114112K
  class space    used 4836K, committed 5056K, reserved 1048576K
}
Event: 2.315 GC heap before
{Heap before GC invocations=12 (full 0):
 garbage-first heap   total 71680K, used 54465K [0x0000000705200000, 0x0000000800000000)
  region size 2048K, 18 young (36864K), 1 survivors (2048K)
 Metaspace       used 41682K, committed 42176K, reserved 1114112K
  class space    used 5200K, committed 5440K, reserved 1048576K
}
Event: 2.317 GC heap after
{Heap after GC invocations=13 (full 0):
 garbage-first heap   total 131072K, used 19657K [0x0000000705200000, 0x0000000800000000)
  region size 2048K, 1 young (2048K), 1 survivors (2048K)
 Metaspace       used 41682K, committed 42176K, reserved 1114112K
  class space    used 5200K, committed 5440K, reserved 1048576K
}
Event: 2.724 GC heap before
{Heap before GC invocations=13 (full 0):
 garbage-first heap   total 131072K, used 95433K [0x0000000705200000, 0x0000000800000000)
  region size 2048K, 38 young (77824K), 1 survivors (2048K)
 Metaspace       used 51393K, committed 51840K, reserved 1114112K
  class space    used 6428K, committed 6656K, reserved 1048576K
}
Event: 2.726 GC heap after
{Heap after GC invocations=14 (full 0):
 garbage-first heap   total 131072K, used 21948K [0x0000000705200000, 0x0000000800000000)
  region size 2048K, 2 young (4096K), 2 survivors (4096K)
 Metaspace       used 51393K, committed 51840K, reserved 1114112K
  class space    used 6428K, committed 6656K, reserved 1048576K
}

Dll operation events (11 events):
Event: 0.008 Loaded shared library D:\kimjonghwi\6_spring_project\SNS\sts-4.21.0.RELEASE\plugins\org.eclipse.justj.openjdk.hotspot.jre.full.win32.x86_64_17.0.9.v20231028-0858\jre\bin\java.dll
Event: 0.229 Loaded shared library D:\kimjonghwi\6_spring_project\SNS\sts-4.21.0.RELEASE\plugins\org.eclipse.justj.openjdk.hotspot.jre.full.win32.x86_64_17.0.9.v20231028-0858\jre\bin\zip.dll
Event: 0.233 Loaded shared library D:\kimjonghwi\6_spring_project\SNS\sts-4.21.0.RELEASE\plugins\org.eclipse.justj.openjdk.hotspot.jre.full.win32.x86_64_17.0.9.v20231028-0858\jre\bin\instrument.dll
Event: 0.241 Loaded shared library D:\kimjonghwi\6_spring_project\SNS\sts-4.21.0.RELEASE\plugins\org.eclipse.justj.openjdk.hotspot.jre.full.win32.x86_64_17.0.9.v20231028-0858\jre\bin\net.dll
Event: 0.242 Loaded shared library D:\kimjonghwi\6_spring_project\SNS\sts-4.21.0.RELEASE\plugins\org.eclipse.justj.openjdk.hotspot.jre.full.win32.x86_64_17.0.9.v20231028-0858\jre\bin\nio.dll
Event: 0.246 Loaded shared library D:\kimjonghwi\6_spring_project\SNS\sts-4.21.0.RELEASE\plugins\org.eclipse.justj.openjdk.hotspot.jre.full.win32.x86_64_17.0.9.v20231028-0858\jre\bin\zip.dll
Event: 0.329 Loaded shared library D:\kimjonghwi\6_spring_project\SNS\sts-4.21.0.RELEASE\plugins\org.eclipse.justj.openjdk.hotspot.jre.full.win32.x86_64_17.0.9.v20231028-0858\jre\bin\jimage.dll
Event: 0.357 Loaded shared library D:\kimjonghwi\6_spring_project\SNS\sts-4.21.0.RELEASE\plugins\org.eclipse.justj.openjdk.hotspot.jre.full.win32.x86_64_17.0.9.v20231028-0858\jre\bin\management.dll
Event: 0.365 Loaded shared library D:\kimjonghwi\6_spring_project\SNS\sts-4.21.0.RELEASE\plugins\org.eclipse.justj.openjdk.hotspot.jre.full.win32.x86_64_17.0.9.v20231028-0858\jre\bin\management_ext.dll
Event: 0.575 Loaded shared library D:\kimjonghwi\6_spring_project\SNS\sts-4.21.0.RELEASE\plugins\org.eclipse.justj.openjdk.hotspot.jre.full.win32.x86_64_17.0.9.v20231028-0858\jre\bin\verify.dll
Event: 1.248 Loaded shared library D:\kimjonghwi\6_spring_project\SNS\sts-4.21.0.RELEASE\plugins\org.eclipse.justj.openjdk.hotspot.jre.full.win32.x86_64_17.0.9.v20231028-0858\jre\bin\sunmscapi.dll

Deoptimization events (20 events):
Event: 2.762 Thread 0x000002a243334270 DEOPT PACKING pc=0x000002a22ee8f25c sp=0x000000f30a5fcdd0
Event: 2.762 Thread 0x000002a243334270 DEOPT UNPACKING pc=0x000002a22eae7143 sp=0x000000f30a5fc2c0 mode 1
Event: 2.771 Thread 0x000002a2435b1fe0 DEOPT PACKING pc=0x000002a22f5943bf sp=0x000000f30b3fe030
Event: 2.771 Thread 0x000002a2435b1fe0 DEOPT UNPACKING pc=0x000002a22eae7143 sp=0x000000f30b3fd4a0 mode 1
Event: 2.793 Thread 0x000002a243334270 DEOPT PACKING pc=0x000002a22eed9164 sp=0x000000f30a5fa810
Event: 2.793 Thread 0x000002a243334270 DEOPT UNPACKING pc=0x000002a22eae7143 sp=0x000000f30a5f9ca8 mode 1
Event: 2.793 Thread 0x000002a243334270 DEOPT PACKING pc=0x000002a22eec34fc sp=0x000000f30a5fa8e0
Event: 2.793 Thread 0x000002a243334270 DEOPT UNPACKING pc=0x000002a22eae7143 sp=0x000000f30a5f9d98 mode 1
Event: 2.793 Thread 0x000002a243334270 DEOPT PACKING pc=0x000002a22ee8f25c sp=0x000000f30a5fb2c0
Event: 2.793 Thread 0x000002a243334270 DEOPT UNPACKING pc=0x000002a22eae7143 sp=0x000000f30a5fa798 mode 1
Event: 2.793 Thread 0x000002a243334270 DEOPT PACKING pc=0x000002a22ef5fbe4 sp=0x000000f30a5fb360
Event: 2.793 Thread 0x000002a243334270 DEOPT UNPACKING pc=0x000002a22eae7143 sp=0x000000f30a5fa908 mode 1
Event: 2.793 Thread 0x000002a243334270 DEOPT PACKING pc=0x000002a22ef5de24 sp=0x000000f30a5fb560
Event: 2.793 Thread 0x000002a243334270 DEOPT UNPACKING pc=0x000002a22eae7143 sp=0x000000f30a5faa08 mode 1
Event: 2.793 Thread 0x000002a243334270 DEOPT PACKING pc=0x000002a22f17bb54 sp=0x000000f30a5fb5b0
Event: 2.793 Thread 0x000002a243334270 DEOPT UNPACKING pc=0x000002a22eae7143 sp=0x000000f30a5faab0 mode 1
Event: 2.793 Thread 0x000002a243334270 DEOPT PACKING pc=0x000002a22f1bb054 sp=0x000000f30a5fb680
Event: 2.793 Thread 0x000002a243334270 DEOPT UNPACKING pc=0x000002a22eae7143 sp=0x000000f30a5fabe0 mode 1
Event: 2.802 Thread 0x000002a2435b1fe0 DEOPT PACKING pc=0x000002a22f5943bf sp=0x000000f30b3fe030
Event: 2.802 Thread 0x000002a2435b1fe0 DEOPT UNPACKING pc=0x000002a22eae7143 sp=0x000000f30b3fd4a0 mode 1

Classes unloaded (0 events):
No events

Classes redefined (0 events):
No events

Internal exceptions (20 events):
Event: 1.930 Thread 0x000002a243334270 Exception <a 'java/lang/NoSuchMethodError'{0x00000007080b6660}: 'java.lang.Object java.lang.invoke.DirectMethodHandle$Holder.invokeSpecial(java.lang.Object, java.lang.Object, java.lang.Object, java.lang.Object, int)'> (0x00000007080b6660) 
thrown [s\src\hotspot\share\interpreter\linkResolver.cpp, line 759]
Event: 1.930 Thread 0x000002a243334270 Exception <a 'java/lang/NoSuchMethodError'{0x00000007080ba228}: 'java.lang.Object java.lang.invoke.Invokers$Holder.linkToTargetMethod(java.lang.Object, java.lang.Object, int, java.lang.Object)'> (0x00000007080ba228) 
thrown [s\src\hotspot\share\interpreter\linkResolver.cpp, line 759]
Event: 2.052 Thread 0x000002a243334270 Exception <a 'sun/nio/fs/WindowsException'{0x0000000706891448}> (0x0000000706891448) 
thrown [s\src\hotspot\share\prims\jni.cpp, line 516]
Event: 2.052 Thread 0x000002a243334270 Exception <a 'sun/nio/fs/WindowsException'{0x0000000706896de0}> (0x0000000706896de0) 
thrown [s\src\hotspot\share\prims\jni.cpp, line 516]
Event: 2.052 Thread 0x000002a243334270 Exception <a 'sun/nio/fs/WindowsException'{0x00000007068970d0}> (0x00000007068970d0) 
thrown [s\src\hotspot\share\prims\jni.cpp, line 516]
Event: 2.053 Thread 0x000002a243334270 Exception <a 'sun/nio/fs/WindowsException'{0x0000000706898148}> (0x0000000706898148) 
thrown [s\src\hotspot\share\prims\jni.cpp, line 516]
Event: 2.053 Thread 0x000002a243334270 Exception <a 'sun/nio/fs/WindowsException'{0x0000000706898498}> (0x0000000706898498) 
thrown [s\src\hotspot\share\prims\jni.cpp, line 516]
Event: 2.068 Thread 0x000002a243334270 Exception <a 'java/lang/NoSuchMethodError'{0x00000007067149e8}: 'java.lang.Object java.lang.invoke.DirectMethodHandle$Holder.invokeSpecial(java.lang.Object, java.lang.Object, long, java.lang.Object, java.lang.Object, java.lang.Object, java.lang.Object, java.lang.Object, java.lang.Object)'> (0x00000007067149e8) 
thrown [s\src\hotspot\share\interpreter\linkResolver.cpp, line 759]
Event: 2.068 Thread 0x000002a243334270 Exception <a 'java/lang/NoSuchMethodError'{0x0000000706719510}: 'java.lang.Object java.lang.invoke.DelegatingMethodHandle$Holder.reinvoke_L(java.lang.Object, long, java.lang.Object, java.lang.Object, java.lang.Object, java.lang.Object, java.lang.Object, java.lang.Object)'> (0x0000000706719510) 
thrown [s\src\hotspot\share\interpreter\linkResolver.cpp, line 759]
Event: 2.086 Thread 0x000002a2435b2a00 Exception <a 'java/lang/reflect/InvocationTargetException'{0x0000000714d4b120}> (0x0000000714d4b120) 
thrown [s\src\hotspot\share\runtime\reflection.cpp, line 1121]
Event: 2.101 Thread 0x000002a243334270 Exception <a 'java/io/FileNotFoundException'{0x0000000714c5cbf8}> (0x0000000714c5cbf8) 
thrown [s\src\hotspot\share\prims\jni.cpp, line 516]
Event: 2.218 Thread 0x000002a243334270 Exception <a 'java/lang/NoSuchMethodError'{0x0000000708254c60}: 'int java.lang.invoke.DirectMethodHandle$Holder.invokeInterface(java.lang.Object, java.lang.Object, java.lang.Object, java.lang.Object)'> (0x0000000708254c60) 
thrown [s\src\hotspot\share\interpreter\linkResolver.cpp, line 759]
Event: 2.244 Thread 0x000002a243334270 Exception <a 'java/lang/NoSuchMethodError'{0x00000007081da5b0}: 'long java.lang.invoke.DirectMethodHandle$Holder.invokeVirtual(java.lang.Object, java.lang.Object)'> (0x00000007081da5b0) 
thrown [s\src\hotspot\share\interpreter\linkResolver.cpp, line 759]
Event: 2.246 Thread 0x000002a243334270 Exception <a 'java/io/FileNotFoundException'{0x0000000707e4d1b0}> (0x0000000707e4d1b0) 
thrown [s\src\hotspot\share\prims\jni.cpp, line 516]
Event: 2.327 Thread 0x000002a243334270 Exception <a 'sun/nio/fs/WindowsException'{0x0000000714daf658}> (0x0000000714daf658) 
thrown [s\src\hotspot\share\prims\jni.cpp, line 516]
Event: 2.450 Thread 0x000002a243334270 Exception <a 'sun/nio/fs/WindowsException'{0x000000070b6e4d08}> (0x000000070b6e4d08) 
thrown [s\src\hotspot\share\prims\jni.cpp, line 516]
Event: 2.456 Thread 0x000002a243334270 Exception <a 'java/lang/NoSuchMethodError'{0x000000070b7261e0}: 'int java.lang.invoke.DirectMethodHandle$Holder.invokeStaticInit(java.lang.Object, java.lang.Object, java.lang.Object, java.lang.Object)'> (0x000000070b7261e0) 
thrown [s\src\hotspot\share\interpreter\linkResolver.cpp, line 759]
Event: 2.562 Thread 0x000002a243334270 Exception <a 'java/lang/NoSuchMethodError'{0x000000070ad6e480}: 'java.lang.Object java.lang.invoke.DirectMethodHandle$Holder.invokeStaticInit(java.lang.Object, java.lang.Object, java.lang.Object, java.lang.Object)'> (0x000000070ad6e480) 
thrown [s\src\hotspot\share\interpreter\linkResolver.cpp, line 759]
Event: 2.597 Thread 0x000002a2435b2a00 Exception <a 'java/lang/reflect/InvocationTargetException'{0x000000070a201b90}> (0x000000070a201b90) 
thrown [s\src\hotspot\share\runtime\reflection.cpp, line 1121]
Event: 2.826 Thread 0x000002a243334270 Exception <a 'java/lang/NoSuchMethodError'{0x000000070bc61a30}: 'net.bytebuldy.implementation.MethodDelegation$ImplementationDelegate net.bytebuddy.implementation.MethodDelegation$ImplementationDelegate$ForStaticMethod.of(net.bytebuddy.description.method.MethodList, net.bytebuddy.implementation.bind.MethodDelegationBinder)'> (0x000000070bc61a30) 
thrown [s\src\hotspot\share\interpreter\linkResolver.cpp, line 759]

VM Operations (20 events):
Event: 2.228 Executing VM operation: HandshakeAllThreads
Event: 2.228 Executing VM operation: HandshakeAllThreads done
Event: 2.229 Executing VM operation: HandshakeAllThreads
Event: 2.229 Executing VM operation: HandshakeAllThreads done
Event: 2.248 Executing VM operation: HandshakeAllThreads
Event: 2.248 Executing VM operation: HandshakeAllThreads done
Event: 2.267 Executing VM operation: HandshakeAllThreads
Event: 2.267 Executing VM operation: HandshakeAllThreads done
Event: 2.293 Executing VM operation: HandshakeAllThreads
Event: 2.293 Executing VM operation: HandshakeAllThreads done
Event: 2.315 Executing VM operation: G1CollectForAllocation
Event: 2.317 Executing VM operation: G1CollectForAllocation done
Event: 2.436 Executing VM operation: HandshakeAllThreads
Event: 2.436 Executing VM operation: HandshakeAllThreads done
Event: 2.451 Executing VM operation: HandshakeAllThreads
Event: 2.451 Executing VM operation: HandshakeAllThreads done
Event: 2.453 Executing VM operation: HandshakeAllThreads
Event: 2.453 Executing VM operation: HandshakeAllThreads done
Event: 2.724 Executing VM operation: G1CollectForAllocation
Event: 2.726 Executing VM operation: G1CollectForAllocation done

Events (20 events):
Event: 2.743 loading class javax/xml/stream/XMLStreamException
Event: 2.743 loading class javax/xml/stream/XMLStreamException done
Event: 2.743 loading class javax/xml/stream/XMLEventReader
Event: 2.743 loading class javax/xml/stream/XMLEventReader done
Event: 2.743 loading class javax/xml/stream/XMLResolver
Event: 2.743 loading class javax/xml/stream/XMLResolver done
Event: 2.745 loading class javax/xml/stream/XMLEventFactory
Event: 2.745 loading class javax/xml/stream/XMLEventFactory done
Event: 2.745 loading class javax/xml/stream/FactoryFinder
Event: 2.745 loading class javax/xml/stream/FactoryFinder done
Event: 2.746 loading class javax/xml/stream/FactoryFinder$1
Event: 2.746 loading class javax/xml/stream/FactoryFinder$1 done
Event: 2.746 loading class com/sun/xml/internal/stream/events/XMLEventFactoryImpl
Event: 2.746 loading class com/sun/xml/internal/stream/events/XMLEventFactoryImpl done
Event: 2.760 loading class java/lang/Process
Event: 2.761 loading class java/lang/Process done
Event: 2.770 loading class java/lang/reflect/GenericSignatureFormatError
Event: 2.770 loading class java/lang/reflect/GenericSignatureFormatError done
Event: 2.791 loading class java/io/Console
Event: 2.792 loading class java/io/Console done


Dynamic libraries:
0x00007ff7b8210000 - 0x00007ff7b821e000 	D:\kimjonghwi\6_spring_project\SNS\sts-4.21.0.RELEASE\plugins\org.eclipse.justj.openjdk.hotspot.jre.full.win32.x86_64_17.0.9.v20231028-0858\jre\bin\javaw.exe
0x00007ff8ce4f0000 - 0x00007ff8ce6e5000 	C:\WINDOWS\SYSTEM32\ntdll.dll
0x00007ff8cd120000 - 0x00007ff8cd1dd000 	C:\WINDOWS\System32\KERNEL32.DLL
0x00007ff8cc0e0000 - 0x00007ff8cc3a9000 	C:\WINDOWS\System32\KERNELBASE.dll
0x00007ff8c8710000 - 0x00007ff8c87a0000 	C:\WINDOWS\SYSTEM32\apphelp.dll
0x00007ff8cbec0000 - 0x00007ff8cbfc0000 	C:\WINDOWS\System32\ucrtbase.dll
0x00007ff8c2540000 - 0x00007ff8c2557000 	D:\kimjonghwi\6_spring_project\SNS\sts-4.21.0.RELEASE\plugins\org.eclipse.justj.openjdk.hotspot.jre.full.win32.x86_64_17.0.9.v20231028-0858\jre\bin\jli.dll
0x00007ff8c2520000 - 0x00007ff8c253b000 	D:\kimjonghwi\6_spring_project\SNS\sts-4.21.0.RELEASE\plugins\org.eclipse.justj.openjdk.hotspot.jre.full.win32.x86_64_17.0.9.v20231028-0858\jre\bin\VCRUNTIME140.dll
0x00007ff8ccf80000 - 0x00007ff8cd120000 	C:\WINDOWS\System32\USER32.dll
0x00007ff8cc050000 - 0x00007ff8cc072000 	C:\WINDOWS\System32\win32u.dll
0x00007ff8cc610000 - 0x00007ff8cc63a000 	C:\WINDOWS\System32\GDI32.dll
0x00007ff8cc3b0000 - 0x00007ff8cc4bb000 	C:\WINDOWS\System32\gdi32full.dll
0x00007ff8cc4c0000 - 0x00007ff8cc55d000 	C:\WINDOWS\System32\msvcp_win.dll
0x00007ff8b7740000 - 0x00007ff8b79da000 	C:\WINDOWS\WinSxS\amd64_microsoft.windows.common-controls_6595b64144ccf1df_6.0.19041.1110_none_60b5254171f9507e\COMCTL32.dll
0x00007ff8cd530000 - 0x00007ff8cd5ce000 	C:\WINDOWS\System32\msvcrt.dll
0x00007ff8cd470000 - 0x00007ff8cd4a0000 	C:\WINDOWS\System32\IMM32.DLL
0x00007ff8c2510000 - 0x00007ff8c251c000 	D:\kimjonghwi\6_spring_project\SNS\sts-4.21.0.RELEASE\plugins\org.eclipse.justj.openjdk.hotspot.jre.full.win32.x86_64_17.0.9.v20231028-0858\jre\bin\vcruntime140_1.dll
0x00007ff8ad6b0000 - 0x00007ff8ad73d000 	D:\kimjonghwi\6_spring_project\SNS\sts-4.21.0.RELEASE\plugins\org.eclipse.justj.openjdk.hotspot.jre.full.win32.x86_64_17.0.9.v20231028-0858\jre\bin\msvcp140.dll
0x00007ff87e0e0000 - 0x00007ff87ed41000 	D:\kimjonghwi\6_spring_project\SNS\sts-4.21.0.RELEASE\plugins\org.eclipse.justj.openjdk.hotspot.jre.full.win32.x86_64_17.0.9.v20231028-0858\jre\bin\server\jvm.dll
0x00007ff8cd350000 - 0x00007ff8cd3fc000 	C:\WINDOWS\System32\ADVAPI32.dll
0x00007ff8ce410000 - 0x00007ff8ce4ab000 	C:\WINDOWS\System32\sechost.dll
0x00007ff8ce2e0000 - 0x00007ff8ce40a000 	C:\WINDOWS\System32\RPCRT4.dll
0x00007ff8cbaa0000 - 0x00007ff8cbaeb000 	C:\WINDOWS\SYSTEM32\POWRPROF.dll
0x00007ff8b7e90000 - 0x00007ff8b7e99000 	C:\WINDOWS\SYSTEM32\WSOCK32.dll
0x00007ff8cd2d0000 - 0x00007ff8cd33b000 	C:\WINDOWS\System32\WS2_32.dll
0x00007ff8b7410000 - 0x00007ff8b7437000 	C:\WINDOWS\SYSTEM32\WINMM.dll
0x00007ff8c5ee0000 - 0x00007ff8c5eea000 	C:\WINDOWS\SYSTEM32\VERSION.dll
0x00007ff8cba80000 - 0x00007ff8cba92000 	C:\WINDOWS\SYSTEM32\UMPDC.dll
0x00007ff8ca540000 - 0x00007ff8ca552000 	C:\WINDOWS\SYSTEM32\kernel.appcore.dll
0x00007ff8c24b0000 - 0x00007ff8c24ba000 	D:\kimjonghwi\6_spring_project\SNS\sts-4.21.0.RELEASE\plugins\org.eclipse.justj.openjdk.hotspot.jre.full.win32.x86_64_17.0.9.v20231028-0858\jre\bin\jimage.dll
0x00007ff8c98e0000 - 0x00007ff8c9ac4000 	C:\WINDOWS\SYSTEM32\DBGHELP.DLL
0x00007ff8b97a0000 - 0x00007ff8b97cc000 	C:\WINDOWS\SYSTEM32\dbgcore.DLL
0x00007ff8cbfc0000 - 0x00007ff8cc043000 	C:\WINDOWS\System32\bcryptPrimitives.dll
0x00007ff8c2700000 - 0x00007ff8c273b000 	D:\kimjonghwi\6_spring_project\SNS\sts-4.21.0.RELEASE\plugins\org.eclipse.justj.openjdk.hotspot.jre.full.win32.x86_64_17.0.9.v20231028-0858\jre\bin\jdwp.dll
0x00007ff8c2500000 - 0x00007ff8c250e000 	D:\kimjonghwi\6_spring_project\SNS\sts-4.21.0.RELEASE\plugins\org.eclipse.justj.openjdk.hotspot.jre.full.win32.x86_64_17.0.9.v20231028-0858\jre\bin\instrument.dll
0x00007ff8b29c0000 - 0x00007ff8b29e5000 	D:\kimjonghwi\6_spring_project\SNS\sts-4.21.0.RELEASE\plugins\org.eclipse.justj.openjdk.hotspot.jre.full.win32.x86_64_17.0.9.v20231028-0858\jre\bin\java.dll
0x00007ff8857e0000 - 0x00007ff8857f8000 	D:\kimjonghwi\6_spring_project\SNS\sts-4.21.0.RELEASE\plugins\org.eclipse.justj.openjdk.hotspot.jre.full.win32.x86_64_17.0.9.v20231028-0858\jre\bin\zip.dll
0x00007ff8cc710000 - 0x00007ff8cce4f000 	C:\WINDOWS\System32\SHELL32.dll
0x00007ff8c9d60000 - 0x00007ff8ca4f1000 	C:\WINDOWS\SYSTEM32\windows.storage.dll
0x00007ff8cdd70000 - 0x00007ff8ce0c5000 	C:\WINDOWS\System32\combase.dll
0x00007ff8cb5d0000 - 0x00007ff8cb5fc000 	C:\WINDOWS\SYSTEM32\Wldp.dll
0x00007ff8cdac0000 - 0x00007ff8cdb6e000 	C:\WINDOWS\System32\SHCORE.dll
0x00007ff8ce0d0000 - 0x00007ff8ce125000 	C:\WINDOWS\System32\shlwapi.dll
0x00007ff8cbb70000 - 0x00007ff8cbb8f000 	C:\WINDOWS\SYSTEM32\profapi.dll
0x00007ff8c6f60000 - 0x00007ff8c6f6c000 	D:\kimjonghwi\6_spring_project\SNS\sts-4.21.0.RELEASE\plugins\org.eclipse.justj.openjdk.hotspot.jre.full.win32.x86_64_17.0.9.v20231028-0858\jre\bin\dt_socket.dll
0x00007ff8cb020000 - 0x00007ff8cb05b000 	C:\WINDOWS\SYSTEM32\IPHLPAPI.DLL
0x00007ff8cb330000 - 0x00007ff8cb39a000 	C:\WINDOWS\system32\mswsock.dll
0x00007ff8cb060000 - 0x00007ff8cb12c000 	C:\WINDOWS\SYSTEM32\DNSAPI.dll
0x00007ff8cd340000 - 0x00007ff8cd348000 	C:\WINDOWS\System32\NSI.dll
0x00007ff8c49d0000 - 0x00007ff8c49da000 	C:\Windows\System32\rasadhlp.dll
0x00007ff8c3140000 - 0x00007ff8c31bf000 	C:\WINDOWS\System32\fwpuclnt.dll
0x00007ff8cbc30000 - 0x00007ff8cbc57000 	C:\WINDOWS\System32\bcrypt.dll
0x00007ff87f9c0000 - 0x00007ff87f9d9000 	D:\kimjonghwi\6_spring_project\SNS\sts-4.21.0.RELEASE\plugins\org.eclipse.justj.openjdk.hotspot.jre.full.win32.x86_64_17.0.9.v20231028-0858\jre\bin\net.dll
0x00007ff8c4a40000 - 0x00007ff8c4b4a000 	C:\WINDOWS\SYSTEM32\WINHTTP.dll
0x00007ff87f780000 - 0x00007ff87f796000 	D:\kimjonghwi\6_spring_project\SNS\sts-4.21.0.RELEASE\plugins\org.eclipse.justj.openjdk.hotspot.jre.full.win32.x86_64_17.0.9.v20231028-0858\jre\bin\nio.dll
0x00007ff8c2600000 - 0x00007ff8c2609000 	D:\kimjonghwi\6_spring_project\SNS\sts-4.21.0.RELEASE\plugins\org.eclipse.justj.openjdk.hotspot.jre.full.win32.x86_64_17.0.9.v20231028-0858\jre\bin\management.dll
0x00007ff8c2570000 - 0x00007ff8c257b000 	D:\kimjonghwi\6_spring_project\SNS\sts-4.21.0.RELEASE\plugins\org.eclipse.justj.openjdk.hotspot.jre.full.win32.x86_64_17.0.9.v20231028-0858\jre\bin\management_ext.dll
0x00007ff8cd1e0000 - 0x00007ff8cd1e8000 	C:\WINDOWS\System32\PSAPI.DLL
0x00007ff8b7710000 - 0x00007ff8b7727000 	C:\WINDOWS\system32\napinsp.dll
0x00007ff8b76e0000 - 0x00007ff8b76fb000 	C:\WINDOWS\system32\pnrpnsp.dll
0x00007ff8b76b0000 - 0x00007ff8b76c5000 	C:\WINDOWS\system32\wshbth.dll
0x00007ff8c6f20000 - 0x00007ff8c6f3d000 	C:\WINDOWS\system32\NLAapi.dll
0x00007ff8b7670000 - 0x00007ff8b7682000 	C:\WINDOWS\System32\winrnr.dll
0x00007ff8cb510000 - 0x00007ff8cb528000 	C:\WINDOWS\SYSTEM32\CRYPTSP.dll
0x00007ff8cacd0000 - 0x00007ff8cad04000 	C:\WINDOWS\system32\rsaenh.dll
0x00007ff8cbb30000 - 0x00007ff8cbb5e000 	C:\WINDOWS\SYSTEM32\USERENV.dll
0x00007ff8cb530000 - 0x00007ff8cb53c000 	C:\WINDOWS\SYSTEM32\CRYPTBASE.dll
0x00007ff8c6590000 - 0x00007ff8c65a7000 	C:\WINDOWS\SYSTEM32\dhcpcsvc6.DLL
0x00007ff8c6570000 - 0x00007ff8c658d000 	C:\WINDOWS\SYSTEM32\dhcpcsvc.DLL
0x00007ff8c26b0000 - 0x00007ff8c26c0000 	D:\kimjonghwi\6_spring_project\SNS\sts-4.21.0.RELEASE\plugins\org.eclipse.justj.openjdk.hotspot.jre.full.win32.x86_64_17.0.9.v20231028-0858\jre\bin\verify.dll
0x00007ff8c26a0000 - 0x00007ff8c26ae000 	D:\kimjonghwi\6_spring_project\SNS\sts-4.21.0.RELEASE\plugins\org.eclipse.justj.openjdk.hotspot.jre.full.win32.x86_64_17.0.9.v20231028-0858\jre\bin\sunmscapi.dll
0x00007ff8cbc60000 - 0x00007ff8cbdbf000 	C:\WINDOWS\System32\CRYPT32.dll
0x00007ff8cb640000 - 0x00007ff8cb667000 	C:\WINDOWS\SYSTEM32\ncrypt.dll
0x00007ff8cb600000 - 0x00007ff8cb63b000 	C:\WINDOWS\SYSTEM32\NTASN1.dll

dbghelp: loaded successfully - version: 4.0.5 - missing functions: none
symbol engine: initialized successfully - sym options: 0x614 - pdb path: .;D:\kimjonghwi\6_spring_project\SNS\sts-4.21.0.RELEASE\plugins\org.eclipse.justj.openjdk.hotspot.jre.full.win32.x86_64_17.0.9.v20231028-0858\jre\bin;C:\WINDOWS\SYSTEM32;C:\WINDOWS\WinSxS\amd64_microsoft.windows.common-controls_6595b64144ccf1df_6.0.19041.1110_none_60b5254171f9507e;D:\kimjonghwi\6_spring_project\SNS\sts-4.21.0.RELEASE\plugins\org.eclipse.justj.openjdk.hotspot.jre.full.win32.x86_64_17.0.9.v20231028-0858\jre\bin\server

VM Arguments:
jvm_args: -XX:+ShowCodeDetailsInExceptionMessages -agentlib:jdwp=transport=dt_socket,suspend=y,address=localhost:58491 -Dcom.sun.management.jmxremote -Dcom.sun.management.jmxremote.port=58490 -Dcom.sun.management.jmxremote.authenticate=false -Dcom.sun.management.jmxremote.ssl=false -Djava.rmi.server.hostname=localhost -Dspring.jmx.enabled=true -Dmanagement.endpoints.jmx.exposure.include=* -Dspring.application.admin.enabled=true -XX:TieredStopAtLevel=1 -Dspring.boot.project.name=sns -javaagent:D:\kimjonghwi\6_spring_project\SNS\sts-4.21.0.RELEASE\configuration\org.eclipse.osgi\258\0\.cp\lib\javaagent-shaded.jar -Dfile.encoding=UTF-8 -Dstdout.encoding=UTF-8 -Dstderr.encoding=UTF-8 
java_command: com.sns.SnsApplication --spring.output.ansi.enabled=always
java_class_path (initial): D:\kimjonghwi\6_spring_project\SNS\sns_workspace\sns\bin\main;C:\Users\User\.gradle\caches\modules-2\files-2.1\org.springframework.boot\spring-boot-configuration-processor\3.2.1\9d6ac9a2fa98598d1a38e9f06d6f0aab250cae2f\spring-boot-configuration-processor-3.2.1.jar;C:\Users\User\.gradle\caches\modules-2\files-2.1\org.projectlombok\lombok\1.18.30\f195ee86e6c896ea47a1d39defbe20eb59cd149d\lombok-1.18.30.jar;C:\Users\User\.gradle\caches\modules-2\files-2.1\org.springframework.boot\spring-boot-starter-data-jpa\3.2.1\3d48124f433375cf0113aa69603021635b55a21a\spring-boot-starter-data-jpa-3.2.1.jar;C:\Users\User\.gradle\caches\modules-2\files-2.1\org.springframework.boot\spring-boot-starter-web\3.2.1\e27e36d4222fd4d589e634e1c7f5f09f0316147c\spring-boot-starter-web-3.2.1.jar;C:\Users\User\.gradle\caches\modules-2\files-2.1\org.mybatis.spring.boot\mybatis-spring-boot-starter\3.0.3\19528356bf8bad2be5f8bf796dfc30bcc4996054\mybatis-spring-boot-starter-3.0.3.jar;C:\Users\User\.gradle\caches\modules-2\files-2.1\org.apache.tomcat.embed\tomcat-embed-jasper\10.1.17\f062c16a256d976d5541d79bb9b59390d7408f97\tomcat-embed-jasper-10.1.17.jar;C:\Users\User\.gradle\caches\modules-2\files-2.1\org.glassfish.web\jakarta.servlet.jsp.jstl\2.0.0\377ec3878354cb2c1f96f99031728773c8e2603b\jakarta.servlet.jsp.jstl-2.0.0.jar;C:\Users\User\.gradle\caches\modules-2\files-2.1\com.github.gavlyukovskiy\p6spy-spring-boot-starter\1.9.0\b51740224ed4f0cdca7ba93fe9167e7b97064f41\p6spy-spring-boot-starter-1.9.0.jar;C:\Users\User\.gradle\caches\modules-2\files-2.1\org.springframework.boot\spring-boot-starter-aop\3.2.1\e8daf5422a28d8b2e304a00090a8fe730bda0e6c\spring-boot-starter-aop-3.2.1.jar;C:\Users\User\.gradle\caches\modules-2\files-2.1\org.springframework.boot\spring-boot-starter-jdbc\3.2.1\e3de1c46cd238d55f0c2a5f5ea416fadce000318\spring-boot-starter-jdbc-3.2.1.jar;C:\Users\User\.gradle\caches\modules-2\files-2.1\org.hibernate.orm\hibernate-core\6.4.1.Final\3dcefddf6609e6491d37208bc
Launcher Type: SUN_STANDARD

[Global flags]
     intx CICompilerCount                          = 4                                         {product} {ergonomic}
     uint ConcGCThreads                            = 3                                         {product} {ergonomic}
     uint G1ConcRefinementThreads                  = 10                                        {product} {ergonomic}
   size_t G1HeapRegionSize                         = 2097152                                   {product} {ergonomic}
    uintx GCDrainStackTargetSize                   = 64                                        {product} {ergonomic}
   size_t InitialHeapSize                          = 264241152                                 {product} {ergonomic}
     bool ManagementServer                         = true                                      {product} {command line}
   size_t MarkStackSize                            = 4194304                                   {product} {ergonomic}
   size_t MaxHeapSize                              = 4208984064                                {product} {ergonomic}
   size_t MaxNewSize                               = 2524971008                                {product} {ergonomic}
   size_t MinHeapDeltaBytes                        = 2097152                                   {product} {ergonomic}
   size_t MinHeapSize                              = 8388608                                   {product} {ergonomic}
    uintx NonProfiledCodeHeapSize                  = 0                                      {pd product} {ergonomic}
     bool ProfileInterpreter                       = false                                  {pd product} {command line}
    uintx ProfiledCodeHeapSize                     = 0                                      {pd product} {ergonomic}
     bool ShowCodeDetailsInExceptionMessages       = true                                   {manageable} {command line}
   size_t SoftMaxHeapSize                          = 4208984064                             {manageable} {ergonomic}
     intx TieredStopAtLevel                        = 1                                         {product} {command line}
     bool UseCompressedClassPointers               = true                           {product lp64_product} {ergonomic}
     bool UseCompressedOops                        = true                           {product lp64_product} {ergonomic}
     bool UseG1GC                                  = true                                      {product} {ergonomic}
     bool UseLargePagesIndividualAllocation        = false                                  {pd product} {ergonomic}

Logging:
Log output configuration:
 #0: stdout all=warning uptime,level,tags
 #1: stderr all=off uptime,level,tags

Environment Variables:
JAVA_HOME=C:\Program Files\Java\jdk-17
CLASSPATH=C:\Program Files\Java\jdk-17\lib
PATH=D:\kimjonghwi\6_spring_project\SNS\sts-4.21.0.RELEASE\plugins\org.eclipse.justj.openjdk.hotspot.jre.full.win32.x86_64_17.0.9.v20231028-0858\jre\bin;D:/kimjonghwi/6_spring_project/SNS/sts-4.21.0.RELEASE//plugins/org.eclipse.justj.openjdk.hotspot.jre.full.win32.x86_64_17.0.9.v20231028-0858/jre/bin/server;D:/kimjonghwi/6_spring_project/SNS/sts-4.21.0.RELEASE//plugins/org.eclipse.justj.openjdk.hotspot.jre.full.win32.x86_64_17.0.9.v20231028-0858/jre/bin;C:\Program Files\Common Files\Oracle\Java\javapath;C:\Program Files (x86)\VMware\VMware Workstation\bin\;C:\Program Files (x86)\Common Files\Oracle\Java\javapath;C:\WINDOWS\system32;C:\WINDOWS;C:\WINDOWS\System32\Wbem;C:\WINDOWS\System32\WindowsPowerShell\v1.0\;C:\WINDOWS\System32\OpenSSH\;C:\Program Files\Java\jdk1.8.0_211\bin;C:\Program Files\TortoiseGit\bin;C:\Program Files\Git\cmd;C:\Program Files\Bandizip\;C:\Program Files\nodejs\;C:\AutoSet10\Server\conf\;C:\AutoSet10\Server\bin\;C:\Program Files\Java\jdk-17\bin;C:\Users\User\AppData\Local\Programs\Python\Python312\Scripts\;C:\Users\User\AppData\Local\Programs\Python\Python312\;C:\Program Files\MySQL\MySQL Shell 8.0\bin\;C:\ffmpeg\bin;C:\Users\User\AppData\Local\Microsoft\WindowsApps;C:\Program Files\JetBrains\IntelliJ IDEA Community Edition 2020.3.3\bin;;C:\Users\User\AppData\Roaming\npm;C:\Users\User\anaconda3;C:\Users\User\anaconda3\Library;C:\Users\User\anaconda3\Scripts;C:\Users\User\AppData\Local\Programs\Microsoft VS Code\bin;C:\Program Files (x86)\ESTsoft\ALSee\x64;D:\kimjonghwi\6_spring_project\SNS\sts-4.21.0.RELEASE;
USERNAME=User
OS=Windows_NT
PROCESSOR_IDENTIFIER=Intel64 Family 6 Model 158 Stepping 10, GenuineIntel
TMP=C:\Users\User\AppData\Local\Temp
TEMP=C:\Users\User\AppData\Local\Temp



Periodic native trim disabled


---------------  S Y S T E M  ---------------

OS:

[error occurred during error reporting (printing OS information), id 0xc0000005, EXCEPTION_ACCESS_VIOLATION (0xc0000005) at pc=0x00007ff8ce596cfb]

CPU: total 12 (initial active 12) (6 cores per cpu, 2 threads per core) family 6 model 158 stepping 10 microcode 0xde, cx8, cmov, fxsr, ht, mmx, 3dnowpref, sse, sse2, sse3, ssse3, sse4.1, sse4.2, popcnt, lzcnt, tsc, tscinvbit, avx, avx2, aes, erms, clmul, bmi1, bmi2, rtm, adx, fma, vzeroupper, clflush, clflushopt
Processor Information for all 12 processors :
  Max Mhz: 3192, Current Mhz: 3192, Mhz Limit: 3192

Memory: 4k page, system-wide physical 16053M (8102M free)
TotalPageFile size 18485M (AvailPageFile size 9187M)
current process WorkingSet (physical memory assigned to process): 259M, peak: 259M
current process commit charge ("private bytes"): 297M, peak: 366M

vm_info: OpenJDK 64-Bit Server VM (17.0.9+9) for windows-amd64 JRE (17.0.9+9), built on Oct 26 2023 14:01:42 by "admin" with MS VC++ 16.10 / 16.11 (VS2019)

END.
